SF:C:\Users\User\github\NET-stuff\ProjectScaffold\src\FileExplorer\FileTreeExplorer.cs
FN:16,System.String FileExplorer.Main.FileTreeExplorer::Run()
FNDA:0,System.String FileExplorer.Main.FileTreeExplorer::Run()
DA:17,0
DA:18,0
DA:20,0
DA:21,0
DA:22,0
DA:23,0
DA:25,0
DA:26,0
BRDA:20,36,1,0
BRDA:20,36,0,0
FN:28,System.Collections.Generic.List`1<FileExplorer.Models.DirectoryPath> FileExplorer.Main.FileTreeExplorer::GetCachedDirectoryList()
FNDA:0,System.Collections.Generic.List`1<FileExplorer.Models.DirectoryPath> FileExplorer.Main.FileTreeExplorer::GetCachedDirectoryList()
DA:29,0
DA:30,0
DA:31,0
BRDA:30,23,0,0
BRDA:30,23,1,0
FN:33,System.Void FileExplorer.Main.FileTreeExplorer::UpdateDirectoryCache()
FNDA:0,System.Void FileExplorer.Main.FileTreeExplorer::UpdateDirectoryCache()
DA:34,0
DA:36,0
DA:37,0
DA:38,0
DA:39,0
DA:40,0
DA:41,0
DA:42,0
DA:43,0
DA:44,0
DA:45,0
DA:46,0
DA:47,0
DA:48,0
DA:49,0
DA:50,0
DA:51,0
DA:52,0
DA:53,0
DA:54,0
DA:55,0
DA:56,0
DA:57,0
DA:58,0
DA:59,0
DA:60,0
FN:62,System.Void FileExplorer.Main.FileTreeExplorer::HandleDirectoryNotFoundException(System.IO.DirectoryNotFoundException)
FNDA:0,System.Void FileExplorer.Main.FileTreeExplorer::HandleDirectoryNotFoundException(System.IO.DirectoryNotFoundException)
DA:63,0
DA:64,0
DA:65,0
DA:66,0
DA:67,0
FN:69,System.String FileExplorer.Main.FileTreeExplorer::GetTempRootDirectory(System.Collections.Generic.List`1<FileExplorer.Models.DirectoryPath>)
FNDA:0,System.String FileExplorer.Main.FileTreeExplorer::GetTempRootDirectory(System.Collections.Generic.List`1<FileExplorer.Models.DirectoryPath>)
DA:70,0
DA:71,0
DA:72,0
DA:73,0
DA:74,0
DA:75,0
DA:76,0
DA:77,0
DA:78,0
DA:80,0
DA:81,0
DA:82,0
DA:83,0
DA:85,0
DA:86,0
BRDA:80,169,0,0
BRDA:80,169,1,0
FN:88,System.Void FileExplorer.Main.FileTreeExplorer::HandleNoFurtherDirectories()
FNDA:0,System.Void FileExplorer.Main.FileTreeExplorer::HandleNoFurtherDirectories()
DA:89,0
DA:90,0
DA:91,0
DA:92,0
DA:93,0
DA:94,0
DA:95,0
DA:97,0
DA:98,0
DA:99,0
DA:100,0
BRDA:91,25,0,0
BRDA:91,25,1,0
FN:102,System.Void FileExplorer.Main.FileTreeExplorer::DisplayFileList()
FNDA:0,System.Void FileExplorer.Main.FileTreeExplorer::DisplayFileList()
DA:103,0
DA:104,0
DA:105,0
DA:106,0
DA:107,0
DA:108,0
DA:110,0
DA:111,0
DA:112,0
DA:113,0
DA:114,0
DA:115,0
DA:116,0
DA:118,0
DA:119,0
DA:120,0
DA:121,0
DA:122,0
BRDA:105,19,0,0
BRDA:105,19,1,0
BRDA:111,44,0,0
BRDA:111,44,1,0
FN:7,System.Void FileExplorer.Main.FileTreeExplorer::.ctor(System.String)
FNDA:0,System.Void FileExplorer.Main.FileTreeExplorer::.ctor(System.String)
DA:8,0
DA:10,0
DA:11,0
FN:13,System.Void FileExplorer.Main.FileTreeExplorer::.cctor()
FNDA:0,System.Void FileExplorer.Main.FileTreeExplorer::.cctor()
DA:14,0
LF:90
LH:0
BRF:12
BRH:0
FNF:9
FNH:0
end_of_record
SF:C:\Users\User\github\NET-stuff\ProjectScaffold\src\FileExplorer\DirectoryCache.cs
FN:5,FileExplorer.Models.DirectoryCache FileExplorer.Models.DirectoryCache::get_Instance()
FNDA:0,FileExplorer.Models.DirectoryCache FileExplorer.Models.DirectoryCache::get_Instance()
DA:6,0
FN:11,System.Collections.Generic.IReadOnlyDictionary`2<FileExplorer.Models.Root,System.Collections.Generic.List`1<FileExplorer.Models.DirectoryPath>> FileExplorer.Models.DirectoryCache::get_Directories()
FNDA:0,System.Collections.Generic.IReadOnlyDictionary`2<FileExplorer.Models.Root,System.Collections.Generic.List`1<FileExplorer.Models.DirectoryPath>> FileExplorer.Models.DirectoryCache::get_Directories()
DA:12,0
FN:14,System.Void FileExplorer.Models.DirectoryCache::TryAdd(FileExplorer.Models.Root,System.Collections.Generic.List`1<FileExplorer.Models.DirectoryPath>)
FNDA:0,System.Void FileExplorer.Models.DirectoryCache::TryAdd(FileExplorer.Models.Root,System.Collections.Generic.List`1<FileExplorer.Models.DirectoryPath>)
DA:15,0
DA:16,0
DA:17,0
DA:18,0
DA:19,0
DA:20,0
BRDA:16,19,0,0
BRDA:16,19,1,0
FN:22,System.Collections.Generic.List`1<FileExplorer.Models.DirectoryPath> FileExplorer.Models.DirectoryCache::Get(FileExplorer.Models.Root)
FNDA:0,System.Collections.Generic.List`1<FileExplorer.Models.DirectoryPath> FileExplorer.Models.DirectoryCache::Get(FileExplorer.Models.Root)
DA:23,0
DA:24,0
DA:25,0
BRDA:24,15,0,0
BRDA:24,15,1,0
FN:7,System.Void FileExplorer.Models.DirectoryCache::.ctor()
FNDA:0,System.Void FileExplorer.Models.DirectoryCache::.ctor()
DA:8,0
DA:10,0
FN:4,System.Void FileExplorer.Models.DirectoryCache::.cctor()
FNDA:0,System.Void FileExplorer.Models.DirectoryCache::.cctor()
DA:5,0
LF:14
LH:0
BRF:4
BRH:0
FNF:6
FNH:0
end_of_record
SF:C:\Users\User\github\NET-stuff\ProjectScaffold\src\FileExplorer\DirectoryPath.cs
FN:6,System.String FileExplorer.Models.DirectoryPath::get_Path()
FNDA:0,System.String FileExplorer.Models.DirectoryPath::get_Path()
DA:7,0
FN:7,System.String FileExplorer.Models.DirectoryPath::get_DisplayText()
FNDA:0,System.String FileExplorer.Models.DirectoryPath::get_DisplayText()
DA:8,0
FN:2,System.Void FileExplorer.Models.DirectoryPath::.ctor(System.String)
FNDA:0,System.Void FileExplorer.Models.DirectoryPath::.ctor(System.String)
DA:3,0
DA:9,0
BRDA:9,19,0,0
BRDA:9,19,1,0
LF:4
LH:0
BRF:2
BRH:0
FNF:3
FNH:0
end_of_record
SF:C:\Users\User\github\NET-stuff\ProjectScaffold\src\FileExplorer\Root.cs
FN:4,System.String FileExplorer.Models.Root::get_Path()
FNDA:0,System.String FileExplorer.Models.Root::get_Path()
DA:5,0
FN:7,System.Int32 FileExplorer.Models.Root::GetHashCode()
FNDA:0,System.Int32 FileExplorer.Models.Root::GetHashCode()
DA:8,0
DA:9,0
DA:10,0
FN:17,FileExplorer.Models.Root FileExplorer.Models.Root::Create(System.String)
FNDA:0,FileExplorer.Models.Root FileExplorer.Models.Root::Create(System.String)
DA:18,0
DA:19,0
DA:20,0
FN:22,System.Boolean FileExplorer.Models.Root::Equals(System.Object)
FNDA:0,System.Boolean FileExplorer.Models.Root::Equals(System.Object)
DA:23,0
DA:24,0
DA:25,0
FN:27,System.Boolean FileExplorer.Models.Root::op_Equality(FileExplorer.Models.Root,FileExplorer.Models.Root)
FNDA:0,System.Boolean FileExplorer.Models.Root::op_Equality(FileExplorer.Models.Root,FileExplorer.Models.Root)
DA:28,0
DA:29,0
DA:30,0
FN:32,System.Boolean FileExplorer.Models.Root::op_Inequality(FileExplorer.Models.Root,FileExplorer.Models.Root)
FNDA:0,System.Boolean FileExplorer.Models.Root::op_Inequality(FileExplorer.Models.Root,FileExplorer.Models.Root)
DA:33,0
DA:34,0
DA:35,0
FN:37,System.Boolean FileExplorer.Models.Root::Equals(FileExplorer.Models.Root)
FNDA:0,System.Boolean FileExplorer.Models.Root::Equals(FileExplorer.Models.Root)
DA:38,0
DA:39,0
DA:40,0
DA:41,0
DA:44,0
DA:45,0
DA:46,0
DA:49,0
DA:50,0
BRDA:39,7,0,0
BRDA:39,7,1,0
BRDA:44,20,0,0
BRDA:44,20,1,0
FN:11,System.Void FileExplorer.Models.Root::.ctor(System.String)
FNDA:0,System.Void FileExplorer.Models.Root::.ctor(System.String)
DA:12,0
DA:13,0
DA:14,0
DA:15,0
LF:29
LH:0
BRF:4
BRH:0
FNF:8
FNH:0
end_of_record
SF:C:\Users\User\github\NET-stuff\ProjectScaffold\src\Console\Extensions\Extensions.File.cs
FN:5,System.Boolean ProjectScaffoldj.Extensions.Extensions::IsDirectory(System.String)
FNDA:4,System.Boolean ProjectScaffoldj.Extensions.Extensions::IsDirectory(System.String)
DA:6,4
DA:8,4
DA:9,4
LF:3
LH:3
BRF:0
BRH:0
FNF:1
FNH:1
end_of_record
SF:C:\Users\User\github\NET-stuff\ProjectScaffold\src\Console\Constants\ExtensionCollections.cs
FN:10,System.Collections.Generic.List`1<System.String> Console.Constants.ExtensionCollections::get_DotNetExtensions()
FNDA:3,System.Collections.Generic.List`1<System.String> Console.Constants.ExtensionCollections::get_DotNetExtensions()
DA:11,3
DA:12,3
DA:13,3
DA:14,3
DA:15,3
DA:16,3
DA:17,3
FN:19,System.Collections.Generic.List`1<System.String> Console.Constants.ExtensionCollections::get_ConfigExtensions()
FNDA:2,System.Collections.Generic.List`1<System.String> Console.Constants.ExtensionCollections::get_ConfigExtensions()
DA:20,2
DA:21,2
DA:22,2
DA:23,2
DA:24,2
DA:25,2
DA:26,2
DA:27,2
DA:28,2
DA:29,2
DA:30,2
DA:31,2
DA:32,2
DA:33,2
LF:21
LH:21
BRF:0
BRH:0
FNF:2
FNH:2
end_of_record
SF:C:\Users\User\github\NET-stuff\ProjectScaffold\src\Console\View\Gui.cs
FN:79,ProjectScaffold.Models.Solution ProjectScaffold.View.Gui::BuildSolution()
FNDA:0,ProjectScaffold.Models.Solution ProjectScaffold.View.Gui::BuildSolution()
DA:80,0
DA:81,0
DA:82,0
DA:83,0
DA:84,0
DA:85,0
DA:87,0
DA:89,0
DA:90,0
FN:96,System.Void ProjectScaffold.View.Gui::BuildTestProject()
FNDA:0,System.Void ProjectScaffold.View.Gui::BuildTestProject()
DA:97,0
DA:98,0
DA:99,0
DA:100,0
DA:101,0
DA:102,0
DA:103,0
DA:104,0
DA:105,0
DA:106,0
DA:107,0
DA:108,0
DA:109,0
DA:110,0
DA:111,0
DA:113,0
DA:114,0
DA:115,0
DA:116,0
DA:117,0
DA:119,0
DA:121,0
DA:122,0
BRDA:105,72,0,0
BRDA:105,85,0,0
BRDA:105,72,1,0
BRDA:105,85,1,0
BRDA:105,98,1,0
BRDA:105,98,0,0
FN:159,System.Void ProjectScaffold.View.Gui::WriteWelcomeMessage()
FNDA:0,System.Void ProjectScaffold.View.Gui::WriteWelcomeMessage()
DA:160,0
DA:161,0
DA:162,0
DA:163,0
DA:164,0
DA:165,0
DA:166,0
DA:167,0
FN:173,System.Collections.Generic.List`1<System.String> ProjectScaffold.View.Gui::ListAndSelectProjectTypes()
FNDA:0,System.Collections.Generic.List`1<System.String> ProjectScaffold.View.Gui::ListAndSelectProjectTypes()
DA:174,0
DA:175,0
DA:176,0
DA:177,0
DA:178,0
DA:179,0
DA:180,0
DA:181,0
DA:182,0
DA:183,0
FN:188,System.Void ProjectScaffold.View.Gui::ListAndEnterProjectNames()
FNDA:0,System.Void ProjectScaffold.View.Gui::ListAndEnterProjectNames()
DA:189,0
DA:190,0
DA:191,0
DA:192,0
DA:193,0
DA:194,0
DA:195,0
DA:196,0
DA:197,0
DA:198,0
BRDA:190,189,1,0
BRDA:190,189,0,0
FN:200,System.Void ProjectScaffold.View.Gui::ScanAndPrepareTree(System.String,Spectre.Console.Tree,System.Int32)
FNDA:0,System.Void ProjectScaffold.View.Gui::ScanAndPrepareTree(System.String,Spectre.Console.Tree,System.Int32)
DA:201,0
DA:202,0
DA:204,0
DA:205,0
DA:206,0
DA:207,0
DA:208,0
DA:209,0
DA:212,0
DA:213,0
DA:214,0
DA:216,0
DA:217,0
DA:219,0
DA:220,0
DA:221,0
DA:222,0
DA:223,0
DA:224,0
DA:226,0
DA:227,0
DA:228,0
DA:229,0
DA:230,0
DA:231,0
BRDA:204,111,1,0
BRDA:207,62,0,0
BRDA:207,62,1,0
BRDA:204,111,0,0
BRDA:219,295,1,0
BRDA:222,224,0,0
BRDA:222,224,1,0
BRDA:219,295,0,0
BRDA:217,11,0,0
BRDA:217,11,1,0
FN:10,System.Void ProjectScaffold.View.Gui::.ctor(ProjectScaffold.Builders.SolutionBuilder,ProjectScaffold.Builders.DirectoryBuilder,ProjectScaffold.Builders.TestBuilder,ProjectScaffold.Strategy.ProjectMaker)
FNDA:0,System.Void ProjectScaffold.View.Gui::.ctor(ProjectScaffold.Builders.SolutionBuilder,ProjectScaffold.Builders.DirectoryBuilder,ProjectScaffold.Builders.TestBuilder,ProjectScaffold.Strategy.ProjectMaker)
DA:11,0
DA:12,0
DA:13,0
DA:14,0
DA:15,0
DA:18,0
DA:20,0
DA:21,0
DA:22,0
DA:24,0
DA:25,0
DA:26,0
FN:26,System.Void ProjectScaffold.View.Gui::.cctor()
FNDA:0,System.Void ProjectScaffold.View.Gui::.cctor()
DA:27,0
DA:28,0
DA:29,0
DA:30,0
DA:31,0
DA:32,0
DA:33,0
DA:34,0
DA:35,0
DA:36,0
DA:37,0
DA:38,0
FN:139,System.Void ProjectScaffold.View.Gui/<<MakeProjectsAsync>b__21_0>d::MoveNext()
FNDA:0,System.Void ProjectScaffold.View.Gui/<<MakeProjectsAsync>b__21_0>d::MoveNext()
DA:140,0
DA:141,0
DA:142,0
DA:143,0
DA:144,0
DA:145,0
DA:146,0
DA:147,0
DA:148,0
DA:149,0
DA:150,0
DA:151,0
DA:152,0
DA:153,0
DA:154,0
FN:127,System.Void ProjectScaffold.View.Gui/<MakeProjectsAsync>d__21::MoveNext()
FNDA:0,System.Void ProjectScaffold.View.Gui/<MakeProjectsAsync>d__21::MoveNext()
DA:128,0
DA:129,0
DA:130,0
DA:131,0
DA:132,0
DA:133,0
DA:134,0
DA:135,0
DA:136,0
DA:137,0
DA:138,0
DA:139,0
FN:40,System.Void ProjectScaffold.View.Gui/<Run>d__18::MoveNext()
FNDA:0,System.Void ProjectScaffold.View.Gui/<Run>d__18::MoveNext()
DA:41,0
DA:42,0
DA:44,0
DA:46,0
DA:48,0
DA:50,0
DA:51,0
DA:52,0
DA:53,0
DA:55,0
DA:56,0
DA:58,0
DA:59,0
DA:61,0
DA:65,0
DA:66,0
DA:67,0
DA:68,0
DA:69,0
DA:70,0
DA:72,0
DA:73,0
BRDA:50,166,0,0
BRDA:50,166,1,0
LF:158
LH:0
BRF:20
BRH:0
FNF:11
FNH:0
end_of_record
SF:C:\Users\User\github\NET-stuff\ProjectScaffold\src\Console\Utils\Ensure.cs
FN:5,System.Void ProjectScaffold.Utils.Ensure::EqualCount(System.Collections.Generic.IEnumerable`1<T>,System.Collections.Generic.IEnumerable`1<E>)
FNDA:0,System.Void ProjectScaffold.Utils.Ensure::EqualCount(System.Collections.Generic.IEnumerable`1<T>,System.Collections.Generic.IEnumerable`1<E>)
DA:6,0
DA:7,0
DA:8,0
DA:9,0
DA:10,0
DA:11,0
DA:13,0
BRDA:7,20,0,0
BRDA:7,20,1,0
LF:7
LH:0
BRF:2
BRH:0
FNF:1
FNH:0
end_of_record
SF:C:\Users\User\github\NET-stuff\ProjectScaffold\src\Console\Utils\IconMappingService.cs
FN:11,ProjectScaffold.Utils.IconMappingService ProjectScaffold.Utils.IconMappingService::get_Instance()
FNDA:72,ProjectScaffold.Utils.IconMappingService ProjectScaffold.Utils.IconMappingService::get_Instance()
DA:12,72
FN:36,System.String ProjectScaffold.Utils.IconMappingService::GetIcon(System.String)
FNDA:24,System.String ProjectScaffold.Utils.IconMappingService::GetIcon(System.String)
DA:37,24
DA:38,24
DA:39,24
DA:40,24
DA:41,24
BRDA:38,30,0,9
BRDA:38,30,1,15
FN:14,System.Void ProjectScaffold.Utils.IconMappingService::.ctor()
FNDA:1,System.Void ProjectScaffold.Utils.IconMappingService::.ctor()
DA:15,1
DA:17,1
DA:18,1
DA:19,1
DA:20,1
DA:21,1
DA:22,1
DA:23,1
FN:7,System.Void ProjectScaffold.Utils.IconMappingService::.cctor()
FNDA:2,System.Void ProjectScaffold.Utils.IconMappingService::.cctor()
DA:8,2
LF:15
LH:15
BRF:2
BRH:2
FNF:4
FNH:4
end_of_record
SF:C:\Users\User\github\NET-stuff\ProjectScaffold\src\Console\Utils\IconMappings.cs
FN:8,System.Void ProjectScaffold.Utils.IconMappingService/IconMappings::.cctor()
FNDA:1,System.Void ProjectScaffold.Utils.IconMappingService/IconMappings::.cctor()
DA:9,1
DA:10,1
DA:11,1
DA:12,1
DA:13,1
DA:14,1
DA:15,1
DA:16,1
DA:17,1
DA:18,1
DA:19,1
DA:20,1
DA:21,1
DA:22,1
DA:23,1
DA:24,1
DA:25,1
DA:27,1
DA:28,1
DA:29,1
DA:30,1
DA:31,1
DA:32,1
DA:33,1
DA:34,1
DA:36,1
DA:37,1
DA:38,1
DA:39,1
DA:40,1
DA:41,1
DA:42,1
DA:44,1
DA:45,1
LF:34
LH:34
BRF:0
BRH:0
FNF:1
FNH:1
end_of_record
SF:C:\Users\User\github\NET-stuff\ProjectScaffold\src\Console\Strategy\ProjectMaker.cs
FN:9,System.Boolean ProjectScaffold.Strategy.ProjectMaker::get_IsFinished()
FNDA:0,System.Boolean ProjectScaffold.Strategy.ProjectMaker::get_IsFinished()
DA:10,0
FN:14,System.Void ProjectScaffold.Strategy.ProjectMaker::SetStrategy(ProjectScaffold.Common.Abstractions.IProcessStrategy)
FNDA:0,System.Void ProjectScaffold.Strategy.ProjectMaker::SetStrategy(ProjectScaffold.Common.Abstractions.IProcessStrategy)
DA:15,0
DA:16,0
DA:17,0
FN:8,System.Void ProjectScaffold.Strategy.ProjectMaker::.ctor()
FNDA:0,System.Void ProjectScaffold.Strategy.ProjectMaker::.ctor()
DA:9,0
DA:12,0
FN:19,System.Void ProjectScaffold.Strategy.ProjectMaker/<Make>d__5::MoveNext()
FNDA:0,System.Void ProjectScaffold.Strategy.ProjectMaker/<Make>d__5::MoveNext()
DA:20,0
DA:21,0
DA:22,0
LF:9
LH:0
BRF:0
BRH:0
FNF:4
FNH:0
end_of_record
SF:C:\Users\User\github\NET-stuff\ProjectScaffold\src\Console\Strategy\SolutionProcessStrategy.cs
FN:9,System.Boolean ProjectScaffold.Strategy.SolutionProcessStrategy::get_IsFinished()
FNDA:0,System.Boolean ProjectScaffold.Strategy.SolutionProcessStrategy::get_IsFinished()
DA:10,0
FN:35,System.Boolean ProjectScaffold.Strategy.SolutionProcessStrategy/<>c__DisplayClass4_0::<Execute>b__0()
FNDA:0,System.Boolean ProjectScaffold.Strategy.SolutionProcessStrategy/<>c__DisplayClass4_0::<Execute>b__0()
DA:36,0
FN:12,System.Void ProjectScaffold.Strategy.SolutionProcessStrategy/<Execute>d__4::MoveNext()
FNDA:0,System.Void ProjectScaffold.Strategy.SolutionProcessStrategy/<Execute>d__4::MoveNext()
DA:13,0
DA:14,0
DA:16,0
DA:17,0
DA:18,0
DA:19,0
DA:20,0
DA:21,0
DA:22,0
DA:23,0
DA:24,0
DA:27,0
DA:28,0
DA:29,0
DA:30,0
DA:31,0
DA:33,0
DA:34,0
DA:35,0
DA:37,0
DA:38,0
DA:39,0
DA:40,0
DA:41,0
DA:42,0
DA:43,0
DA:44,0
DA:45,0
BRDA:33,429,1,0
BRDA:33,429,0,0
LF:30
LH:0
BRF:2
BRH:0
FNF:3
FNH:0
end_of_record
SF:C:\Users\User\github\NET-stuff\ProjectScaffold\src\Console\Strategy\SourceProjectStrategy.cs
FN:9,System.Boolean ProjectScaffold.Strategy.SourceProcessStrategy::get_IsFinished()
FNDA:0,System.Boolean ProjectScaffold.Strategy.SourceProcessStrategy::get_IsFinished()
DA:10,0
FN:36,System.Boolean ProjectScaffold.Strategy.SourceProcessStrategy/<>c__DisplayClass2_0::<Execute>b__0()
FNDA:0,System.Boolean ProjectScaffold.Strategy.SourceProcessStrategy/<>c__DisplayClass2_0::<Execute>b__0()
DA:37,0
FN:12,System.Void ProjectScaffold.Strategy.SourceProcessStrategy/<Execute>d__2::MoveNext()
FNDA:0,System.Void ProjectScaffold.Strategy.SourceProcessStrategy/<Execute>d__2::MoveNext()
DA:13,0
DA:14,0
DA:16,0
DA:17,0
DA:18,0
DA:19,0
DA:20,0
DA:21,0
DA:22,0
DA:23,0
DA:24,0
DA:25,0
DA:28,0
DA:29,0
DA:30,0
DA:31,0
DA:32,0
DA:34,0
DA:35,0
DA:36,0
DA:38,0
DA:39,0
DA:40,0
DA:41,0
DA:42,0
DA:43,0
DA:44,0
DA:45,0
DA:46,0
BRDA:34,466,1,0
BRDA:34,466,0,0
LF:31
LH:0
BRF:2
BRH:0
FNF:3
FNH:0
end_of_record
SF:C:\Users\User\github\NET-stuff\ProjectScaffold\src\Console\Strategy\TestProcessStrategy.cs
FN:9,System.Boolean ProjectScaffold.Strategy.TestProcessStrategy::get_IsFinished()
FNDA:0,System.Boolean ProjectScaffold.Strategy.TestProcessStrategy::get_IsFinished()
DA:10,0
FN:37,System.Boolean ProjectScaffold.Strategy.TestProcessStrategy/<>c__DisplayClass4_0::<Execute>b__0()
FNDA:0,System.Boolean ProjectScaffold.Strategy.TestProcessStrategy/<>c__DisplayClass4_0::<Execute>b__0()
DA:38,0
FN:12,System.Void ProjectScaffold.Strategy.TestProcessStrategy/<Execute>d__4::MoveNext()
FNDA:0,System.Void ProjectScaffold.Strategy.TestProcessStrategy/<Execute>d__4::MoveNext()
DA:13,0
DA:14,0
DA:16,0
DA:17,0
DA:18,0
DA:19,0
DA:20,0
DA:21,0
DA:22,0
DA:23,0
DA:24,0
DA:25,0
DA:28,0
DA:29,0
DA:31,0
DA:32,0
DA:33,0
DA:35,0
DA:36,0
DA:37,0
DA:39,0
DA:40,0
DA:41,0
DA:43,0
DA:44,0
DA:45,0
DA:46,0
DA:47,0
DA:48,0
BRDA:35,466,1,0
BRDA:35,466,0,0
LF:31
LH:0
BRF:2
BRH:0
FNF:3
FNH:0
end_of_record
SF:C:\Users\User\github\NET-stuff\ProjectScaffold\src\Console\Stylers\ConfigStyler.cs
FN:7,System.String ProjectScaffold.Strategy.ConfigStyler::get_Icon()
FNDA:0,System.String ProjectScaffold.Strategy.ConfigStyler::get_Icon()
DA:8,0
FN:8,System.String ProjectScaffold.Strategy.ConfigStyler::get_Extension()
FNDA:1,System.String ProjectScaffold.Strategy.ConfigStyler::get_Extension()
DA:9,1
FN:10,System.String ProjectScaffold.Strategy.ConfigStyler::get_FileName()
FNDA:1,System.String ProjectScaffold.Strategy.ConfigStyler::get_FileName()
DA:11,1
FN:12,System.String ProjectScaffold.Strategy.ConfigStyler::get_Color()
FNDA:0,System.String ProjectScaffold.Strategy.ConfigStyler::get_Color()
DA:13,0
FN:15,System.String ProjectScaffold.Strategy.ConfigStyler::Stylize(System.String,System.String)
FNDA:0,System.String ProjectScaffold.Strategy.ConfigStyler::Stylize(System.String,System.String)
DA:16,0
DA:17,0
DA:18,0
DA:19,0
DA:20,0
LF:9
LH:2
BRF:0
BRH:0
FNF:5
FNH:2
end_of_record
SF:C:\Users\User\github\NET-stuff\ProjectScaffold\src\Console\Stylers\DefaultStyler.cs
FN:6,System.String ProjectScaffold.Strategy.DefaultStyler::get_FileName()
FNDA:21,System.String ProjectScaffold.Strategy.DefaultStyler::get_FileName()
DA:7,21
FN:7,System.String ProjectScaffold.Strategy.DefaultStyler::get_Color()
FNDA:8,System.String ProjectScaffold.Strategy.DefaultStyler::get_Color()
DA:8,8
FN:10,System.String ProjectScaffold.Strategy.DefaultStyler::Stylize(System.String,System.String)
FNDA:5,System.String ProjectScaffold.Strategy.DefaultStyler::Stylize(System.String,System.String)
DA:11,5
DA:12,5
DA:13,5
DA:14,5
LF:6
LH:6
BRF:0
BRH:0
FNF:3
FNH:3
end_of_record
SF:C:\Users\User\github\NET-stuff\ProjectScaffold\src\Console\Stylers\DirectoryStyler.cs
FN:7,System.String ProjectScaffold.Strategy.DirectoryStyler::get_Icon()
FNDA:0,System.String ProjectScaffold.Strategy.DirectoryStyler::get_Icon()
DA:8,0
DA:9,0
DA:10,0
DA:11,0
DA:12,0
DA:13,0
DA:14,0
BRDA:8,22,0,0
BRDA:8,22,1,0
BRDA:8,35,1,0
BRDA:8,35,0,0
FN:15,System.String ProjectScaffold.Strategy.DirectoryStyler::get_FileName()
FNDA:1,System.String ProjectScaffold.Strategy.DirectoryStyler::get_FileName()
DA:16,1
FN:17,System.String ProjectScaffold.Strategy.DirectoryStyler::get_Color()
FNDA:0,System.String ProjectScaffold.Strategy.DirectoryStyler::get_Color()
DA:18,0
DA:19,0
DA:20,0
DA:21,0
DA:22,0
DA:23,0
DA:24,0
BRDA:18,22,0,0
BRDA:18,22,1,0
BRDA:18,35,1,0
BRDA:18,35,0,0
FN:26,System.String ProjectScaffold.Strategy.DirectoryStyler::Stylize(System.String,System.String)
FNDA:0,System.String ProjectScaffold.Strategy.DirectoryStyler::Stylize(System.String,System.String)
DA:27,0
DA:28,0
DA:29,0
DA:30,0
LF:19
LH:1
BRF:8
BRH:0
FNF:4
FNH:1
end_of_record
SF:C:\Users\User\github\NET-stuff\ProjectScaffold\src\Console\Stylers\DotNetStyler.cs
FN:7,System.String ProjectScaffold.Strategy.DotNetStyler::get_Icon()
FNDA:17,System.String ProjectScaffold.Strategy.DotNetStyler::get_Icon()
DA:8,17
FN:9,System.String ProjectScaffold.Strategy.DotNetStyler::get_FileName()
FNDA:36,System.String ProjectScaffold.Strategy.DotNetStyler::get_FileName()
DA:10,36
FN:11,System.String ProjectScaffold.Strategy.DotNetStyler::get_Extension()
FNDA:62,System.String ProjectScaffold.Strategy.DotNetStyler::get_Extension()
DA:12,62
FN:13,System.String ProjectScaffold.Strategy.DotNetStyler::get_Color()
FNDA:16,System.String ProjectScaffold.Strategy.DotNetStyler::get_Color()
DA:14,16
DA:15,16
DA:16,6
DA:17,3
DA:18,3
DA:19,4
DA:20,16
BRDA:14,22,0,10
BRDA:14,35,0,7
BRDA:14,22,1,6
BRDA:14,35,1,3
BRDA:14,48,1,3
BRDA:14,48,0,4
FN:23,System.String ProjectScaffold.Strategy.DotNetStyler::Stylize(System.String,System.String)
FNDA:11,System.String ProjectScaffold.Strategy.DotNetStyler::Stylize(System.String,System.String)
DA:24,11
DA:25,11
DA:26,11
DA:27,11
DA:28,11
LF:15
LH:15
BRF:6
BRH:6
FNF:5
FNH:5
end_of_record
SF:C:\Users\User\github\NET-stuff\ProjectScaffold\src\Console\Stylers\Styler.cs
FN:4,System.String ProjectScaffold.Strategy.Styler::get_Icon()
FNDA:11,System.String ProjectScaffold.Strategy.Styler::get_Icon()
DA:5,11
FN:7,System.String ProjectScaffold.Strategy.Styler::get_FullStyle()
FNDA:20,System.String ProjectScaffold.Strategy.Styler::get_FullStyle()
DA:8,20
LF:2
LH:2
BRF:0
BRH:0
FNF:2
FNH:2
end_of_record
SF:C:\Users\User\github\NET-stuff\ProjectScaffold\src\Console\Stylers\TreeNodeStyler.cs
FN:11,System.Void ProjectScaffold.Strategy.TreeNodeStyler::SetStyler(System.String)
FNDA:4,System.Void ProjectScaffold.Strategy.TreeNodeStyler::SetStyler(System.String)
DA:12,4
DA:13,4
DA:14,1
DA:15,1
DA:16,1
DA:18,3
DA:19,3
DA:20,3
DA:21,3
DA:22,1
DA:23,2
DA:24,1
DA:25,1
DA:26,3
DA:27,3
DA:28,4
BRDA:13,9,0,1
BRDA:13,9,1,3
BRDA:21,51,1,1
BRDA:21,51,0,2
BRDA:23,76,1,1
BRDA:23,76,0,1
FN:30,System.String ProjectScaffold.Strategy.TreeNodeStyler::Stylize(System.String,System.String)
FNDA:0,System.String ProjectScaffold.Strategy.TreeNodeStyler::Stylize(System.String,System.String)
DA:31,0
DA:32,0
DA:33,0
FN:8,System.Void ProjectScaffold.Strategy.TreeNodeStyler::.ctor()
FNDA:4,System.Void ProjectScaffold.Strategy.TreeNodeStyler::.ctor()
DA:9,4
LF:20
LH:17
BRF:6
BRH:6
FNF:3
FNH:2
end_of_record
SF:C:\Users\User\github\NET-stuff\ProjectScaffold\src\Console\Program.cs
FN:12,System.Void ProjectScaffold.Main.Program/<Main>d__0::MoveNext()
FNDA:0,System.Void ProjectScaffold.Main.Program/<Main>d__0::MoveNext()
DA:13,0
DA:14,0
DA:15,0
FN:17,System.Void ProjectScaffold.Main.Program/<RunProjectScaffolder>d__1::MoveNext()
FNDA:0,System.Void ProjectScaffold.Main.Program/<RunProjectScaffolder>d__1::MoveNext()
DA:18,0
DA:19,0
DA:20,0
DA:21,0
DA:22,0
DA:24,0
DA:25,0
DA:26,0
LF:11
LH:0
BRF:0
BRH:0
FNF:2
FNH:0
end_of_record
SF:C:\Users\User\github\NET-stuff\ProjectScaffold\src\Console\Models\DirectoryBase.cs
FN:5,System.Char ProjectScaffold.Models.DirectoryBase::get_Icon()
FNDA:0,System.Char ProjectScaffold.Models.DirectoryBase::get_Icon()
DA:6,0
FN:6,ProjectScaffold.Models.Solution ProjectScaffold.Models.DirectoryBase::get_Solution()
FNDA:0,ProjectScaffold.Models.Solution ProjectScaffold.Models.DirectoryBase::get_Solution()
DA:7,0
FN:14,System.IO.DirectoryInfo ProjectScaffold.Models.DirectoryBase::MakeDirectory()
FNDA:0,System.IO.DirectoryInfo ProjectScaffold.Models.DirectoryBase::MakeDirectory()
DA:15,0
DA:16,0
DA:17,0
FN:19,System.String ProjectScaffold.Models.DirectoryBase::ToString()
FNDA:0,System.String ProjectScaffold.Models.DirectoryBase::ToString()
DA:20,0
DA:21,0
DA:22,0
FN:8,System.Void ProjectScaffold.Models.DirectoryBase::.ctor(ProjectScaffold.Models.Solution)
FNDA:0,System.Void ProjectScaffold.Models.DirectoryBase::.ctor(ProjectScaffold.Models.Solution)
DA:9,0
DA:10,0
DA:11,0
DA:12,0
LF:12
LH:0
BRF:0
BRH:0
FNF:5
FNH:0
end_of_record
SF:C:\Users\User\github\NET-stuff\ProjectScaffold\src\Console\Models\MainDirectory.cs
FN:8,ProjectScaffold.Models.MainDirectory ProjectScaffold.Models.MainDirectory::get_Instance()
FNDA:0,ProjectScaffold.Models.MainDirectory ProjectScaffold.Models.MainDirectory::get_Instance()
DA:9,0
FN:11,System.Collections.Generic.List`1<ProjectScaffold.Models.ProjectBase> ProjectScaffold.Models.MainDirectory::get_Projects()
FNDA:0,System.Collections.Generic.List`1<ProjectScaffold.Models.ProjectBase> ProjectScaffold.Models.MainDirectory::get_Projects()
DA:12,0
FN:20,System.Void ProjectScaffold.Models.MainDirectory::AddProject(ProjectScaffold.Models.ProjectBase)
FNDA:0,System.Void ProjectScaffold.Models.MainDirectory::AddProject(ProjectScaffold.Models.ProjectBase)
DA:21,0
DA:22,0
DA:23,0
FN:29,System.Void ProjectScaffold.Models.MainDirectory::AddProjects(ProjectScaffold.Models.ProjectBase[])
FNDA:0,System.Void ProjectScaffold.Models.MainDirectory::AddProjects(ProjectScaffold.Models.ProjectBase[])
DA:30,0
DA:31,0
DA:32,0
DA:33,0
DA:34,0
DA:35,0
DA:37,0
DA:38,0
DA:39,0
BRDA:31,46,1,0
BRDA:33,19,0,0
BRDA:33,19,1,0
BRDA:31,46,0,0
FN:45,System.Void ProjectScaffold.Models.MainDirectory::AddProjects(System.Collections.Generic.IEnumerable`1<ProjectScaffold.Models.ProjectBase>)
FNDA:0,System.Void ProjectScaffold.Models.MainDirectory::AddProjects(System.Collections.Generic.IEnumerable`1<ProjectScaffold.Models.ProjectBase>)
DA:46,0
DA:47,0
DA:48,0
DA:49,0
DA:50,0
DA:51,0
BRDA:47,39,1,0
BRDA:47,39,0,0
FN:10,System.Void ProjectScaffold.Models.MainDirectory::.ctor()
FNDA:0,System.Void ProjectScaffold.Models.MainDirectory::.ctor()
DA:11,0
DA:14,0
FN:4,System.Void ProjectScaffold.Models.MainDirectory::.cctor()
FNDA:0,System.Void ProjectScaffold.Models.MainDirectory::.cctor()
DA:5,0
LF:23
LH:0
BRF:6
BRH:0
FNF:7
FNH:0
end_of_record
SF:C:\Users\User\github\NET-stuff\ProjectScaffold\src\Console\Models\ProjectBase.cs
FN:4,System.String ProjectScaffold.Models.ProjectBase::get_Name()
FNDA:0,System.String ProjectScaffold.Models.ProjectBase::get_Name()
DA:5,0
FN:5,System.String ProjectScaffold.Models.ProjectBase::get_Suffix()
FNDA:0,System.String ProjectScaffold.Models.ProjectBase::get_Suffix()
DA:6,0
FN:6,System.Char ProjectScaffold.Models.ProjectBase::get_Icon()
FNDA:0,System.Char ProjectScaffold.Models.ProjectBase::get_Icon()
DA:7,0
FN:8,System.String ProjectScaffold.Models.ProjectBase::get_RelativePath()
FNDA:0,System.String ProjectScaffold.Models.ProjectBase::get_RelativePath()
DA:9,0
FN:11,System.String ProjectScaffold.Models.ProjectBase::ToString()
FNDA:0,System.String ProjectScaffold.Models.ProjectBase::ToString()
DA:12,0
DA:13,0
DA:14,0
LF:7
LH:0
BRF:0
BRH:0
FNF:5
FNH:0
end_of_record
SF:C:\Users\User\github\NET-stuff\ProjectScaffold\src\Console\Models\Solution.cs
FN:7,System.Boolean ProjectScaffold.Models.Solution::get_MakeSrc()
FNDA:0,System.Boolean ProjectScaffold.Models.Solution::get_MakeSrc()
DA:8,0
FN:8,System.Boolean ProjectScaffold.Models.Solution::get_MakeTest()
FNDA:0,System.Boolean ProjectScaffold.Models.Solution::get_MakeTest()
DA:9,0
FN:9,System.String ProjectScaffold.Models.Solution::get_Suffix()
FNDA:0,System.String ProjectScaffold.Models.Solution::get_Suffix()
DA:10,0
FN:10,System.String ProjectScaffold.Models.Solution::get_Directory()
FNDA:0,System.String ProjectScaffold.Models.Solution::get_Directory()
DA:11,0
FN:19,ProjectScaffold.Models.Solution ProjectScaffold.Models.Solution::Create(System.Boolean,System.Boolean)
FNDA:0,ProjectScaffold.Models.Solution ProjectScaffold.Models.Solution::Create(System.Boolean,System.Boolean)
DA:20,0
DA:21,0
DA:22,0
FN:24,System.Void ProjectScaffold.Models.Solution::SetName(System.String)
FNDA:0,System.Void ProjectScaffold.Models.Solution::SetName(System.String)
DA:25,0
DA:26,0
DA:27,0
DA:28,0
BRDA:27,25,0,0
BRDA:27,25,1,0
FN:12,System.Void ProjectScaffold.Models.Solution::.ctor(System.Boolean,System.Boolean)
FNDA:0,System.Void ProjectScaffold.Models.Solution::.ctor(System.Boolean,System.Boolean)
DA:13,0
DA:14,0
DA:15,0
DA:16,0
DA:17,0
FN:34,System.String ProjectScaffold.Models.Solution/<>c::<BuildSolution>b__15_0(ProjectScaffold.Models.ProjectBase)
FNDA:0,System.String ProjectScaffold.Models.Solution/<>c::<BuildSolution>b__15_0(ProjectScaffold.Models.ProjectBase)
DA:35,0
FN:46,System.Boolean ProjectScaffold.Models.Solution/<>c__DisplayClass15_0::<BuildSolution>b__1()
FNDA:0,System.Boolean ProjectScaffold.Models.Solution/<>c__DisplayClass15_0::<BuildSolution>b__1()
DA:47,0
FN:30,System.Void ProjectScaffold.Models.Solution/<BuildSolution>d__15::MoveNext()
FNDA:0,System.Void ProjectScaffold.Models.Solution/<BuildSolution>d__15::MoveNext()
DA:31,0
DA:32,0
DA:33,0
DA:34,0
DA:36,0
DA:37,0
DA:38,0
DA:39,0
DA:40,0
DA:41,0
DA:44,0
DA:45,0
DA:48,0
DA:49,0
DA:50,0
DA:51,0
DA:52,0
DA:53,0
DA:54,0
LF:37
LH:0
BRF:2
BRH:0
FNF:10
FNH:0
end_of_record
SF:C:\Users\User\github\NET-stuff\ProjectScaffold\src\Console\Models\SourceDirectory.cs
FN:10,System.String ProjectScaffold.Models.SourceDirectory::get_Name()
FNDA:0,System.String ProjectScaffold.Models.SourceDirectory::get_Name()
DA:11,0
FN:11,System.Char ProjectScaffold.Models.SourceDirectory::get_Icon()
FNDA:0,System.Char ProjectScaffold.Models.SourceDirectory::get_Icon()
DA:12,0
FN:14,ProjectScaffold.Models.SourceDirectory ProjectScaffold.Models.SourceDirectory::CreateDirectory(ProjectScaffold.Models.Solution)
FNDA:0,ProjectScaffold.Models.SourceDirectory ProjectScaffold.Models.SourceDirectory::CreateDirectory(ProjectScaffold.Models.Solution)
DA:15,0
DA:16,0
DA:17,0
DA:18,0
DA:20,0
DA:21,0
DA:22,0
DA:23,0
DA:24,0
BRDA:16,12,0,0
BRDA:16,12,1,0
FN:8,System.Void ProjectScaffold.Models.SourceDirectory::.ctor(ProjectScaffold.Models.Solution)
FNDA:0,System.Void ProjectScaffold.Models.SourceDirectory::.ctor(ProjectScaffold.Models.Solution)
DA:9,0
LF:12
LH:0
BRF:2
BRH:0
FNF:4
FNH:0
end_of_record
SF:C:\Users\User\github\NET-stuff\ProjectScaffold\src\Console\Models\SourceProject.cs
FN:8,System.String ProjectScaffold.Models.SourceProject::get_ProjectName()
FNDA:0,System.String ProjectScaffold.Models.SourceProject::get_ProjectName()
DA:9,0
FN:9,System.String ProjectScaffold.Models.SourceProject::get_Name()
FNDA:0,System.String ProjectScaffold.Models.SourceProject::get_Name()
DA:10,0
FN:10,ProjectScaffold.Models.Solution ProjectScaffold.Models.SourceProject::get_Solution()
FNDA:0,ProjectScaffold.Models.Solution ProjectScaffold.Models.SourceProject::get_Solution()
DA:11,0
FN:11,ProjectScaffold.Enums.ProjectType ProjectScaffold.Models.SourceProject::get_Type()
FNDA:0,ProjectScaffold.Enums.ProjectType ProjectScaffold.Models.SourceProject::get_Type()
DA:12,0
FN:12,System.String ProjectScaffold.Models.SourceProject::get_Directory()
FNDA:0,System.String ProjectScaffold.Models.SourceProject::get_Directory()
DA:13,0
FN:13,System.String ProjectScaffold.Models.SourceProject::get_RelativePath()
FNDA:0,System.String ProjectScaffold.Models.SourceProject::get_RelativePath()
DA:14,0
FN:15,System.String ProjectScaffold.Models.SourceProject::get_TypeName()
FNDA:0,System.String ProjectScaffold.Models.SourceProject::get_TypeName()
DA:16,0
DA:17,0
DA:18,0
DA:19,0
DA:20,0
DA:21,0
DA:22,0
DA:23,0
DA:24,0
BRDA:16,12,1,0
BRDA:16,12,2,0
BRDA:16,12,3,0
BRDA:16,12,4,0
BRDA:16,12,5,0
BRDA:16,12,0,0
FN:25,System.Void ProjectScaffold.Models.SourceProject::.ctor(System.String,ProjectScaffold.Models.Solution,ProjectScaffold.Enums.ProjectType)
FNDA:0,System.Void ProjectScaffold.Models.SourceProject::.ctor(System.String,ProjectScaffold.Models.Solution,ProjectScaffold.Enums.ProjectType)
DA:26,0
DA:27,0
DA:28,0
DA:29,0
DA:30,0
DA:31,0
FN:40,System.ValueTuple`2<System.String,ProjectScaffold.Enums.ProjectType> ProjectScaffold.Models.SourceProject/<>c::<CreateMany>b__21_0(System.String,ProjectScaffold.Enums.ProjectType)
FNDA:0,System.ValueTuple`2<System.String,ProjectScaffold.Enums.ProjectType> ProjectScaffold.Models.SourceProject/<>c::<CreateMany>b__21_0(System.String,ProjectScaffold.Enums.ProjectType)
DA:41,0
FN:37,System.Boolean ProjectScaffold.Models.SourceProject/<CreateMany>d__21::MoveNext()
FNDA:0,System.Boolean ProjectScaffold.Models.SourceProject/<CreateMany>d__21::MoveNext()
DA:38,0
DA:39,0
DA:43,0
DA:44,0
DA:45,0
DA:46,0
DA:47,0
BRDA:43,244,1,0
BRDA:43,244,0,0
LF:29
LH:0
BRF:8
BRH:0
FNF:10
FNH:0
end_of_record
SF:C:\Users\User\github\NET-stuff\ProjectScaffold\src\Console\Models\TestDirectory.cs
FN:10,System.String ProjectScaffold.Models.TestDirectory::get_Name()
FNDA:0,System.String ProjectScaffold.Models.TestDirectory::get_Name()
DA:11,0
FN:11,System.String ProjectScaffold.Models.TestDirectory::get_Icon()
FNDA:0,System.String ProjectScaffold.Models.TestDirectory::get_Icon()
DA:12,0
FN:14,ProjectScaffold.Models.TestDirectory ProjectScaffold.Models.TestDirectory::CreateDirectory(ProjectScaffold.Models.Solution)
FNDA:0,ProjectScaffold.Models.TestDirectory ProjectScaffold.Models.TestDirectory::CreateDirectory(ProjectScaffold.Models.Solution)
DA:15,0
DA:17,0
DA:18,0
DA:19,0
DA:22,0
DA:23,0
DA:25,0
DA:26,0
DA:27,0
BRDA:17,12,0,0
BRDA:17,12,1,0
FN:8,System.Void ProjectScaffold.Models.TestDirectory::.ctor(ProjectScaffold.Models.Solution)
FNDA:0,System.Void ProjectScaffold.Models.TestDirectory::.ctor(ProjectScaffold.Models.Solution)
DA:9,0
LF:12
LH:0
BRF:2
BRH:0
FNF:4
FNH:0
end_of_record
SF:C:\Users\User\github\NET-stuff\ProjectScaffold\src\Console\Models\TestProject.cs
FN:7,System.String ProjectScaffold.Models.TestProject::get_Name()
FNDA:0,System.String ProjectScaffold.Models.TestProject::get_Name()
DA:8,0
FN:8,ProjectScaffold.Enums.TestFramework ProjectScaffold.Models.TestProject::get_FrameWork()
FNDA:0,ProjectScaffold.Enums.TestFramework ProjectScaffold.Models.TestProject::get_FrameWork()
DA:9,0
FN:9,ProjectScaffold.Enums.TestType ProjectScaffold.Models.TestProject::get_Type()
FNDA:0,ProjectScaffold.Enums.TestType ProjectScaffold.Models.TestProject::get_Type()
DA:10,0
FN:10,ProjectScaffold.Models.Solution ProjectScaffold.Models.TestProject::get_Solution()
FNDA:0,ProjectScaffold.Models.Solution ProjectScaffold.Models.TestProject::get_Solution()
DA:11,0
FN:11,System.String ProjectScaffold.Models.TestProject::get_Directory()
FNDA:0,System.String ProjectScaffold.Models.TestProject::get_Directory()
DA:12,0
FN:12,System.String ProjectScaffold.Models.TestProject::get_RelativePath()
FNDA:0,System.String ProjectScaffold.Models.TestProject::get_RelativePath()
DA:13,0
FN:14,System.String ProjectScaffold.Models.TestProject::get_FrameWorkName()
FNDA:0,System.String ProjectScaffold.Models.TestProject::get_FrameWorkName()
DA:15,0
DA:16,0
DA:17,0
DA:18,0
DA:19,0
DA:20,0
BRDA:15,13,0,0
BRDA:15,13,1,0
BRDA:15,19,1,0
BRDA:15,19,0,0
FN:22,System.String ProjectScaffold.Models.TestProject::get_TypeName()
FNDA:0,System.String ProjectScaffold.Models.TestProject::get_TypeName()
DA:23,0
DA:24,0
DA:25,0
DA:26,0
DA:27,0
DA:28,0
DA:29,0
BRDA:23,12,1,0
BRDA:23,12,2,0
BRDA:23,12,3,0
BRDA:23,12,0,0
LF:19
LH:0
BRF:8
BRH:0
FNF:8
FNH:0
end_of_record
SF:C:\Users\User\github\NET-stuff\ProjectScaffold\src\Console\Constants\Constants.ProjectChoices.cs
FN:12,System.Void ProjectScaffold.Constants.Constants/ProjectChoices::.cctor()
FNDA:0,System.Void ProjectScaffold.Constants.Constants/ProjectChoices::.cctor()
DA:13,0
DA:14,0
DA:15,0
DA:16,0
DA:17,0
DA:18,0
DA:19,0
DA:20,0
LF:8
LH:0
BRF:0
BRH:0
FNF:1
FNH:0
end_of_record
SF:C:\Users\User\github\NET-stuff\ProjectScaffold\src\Console\Constants\Constants.TestChoices.cs
FN:10,System.Void ProjectScaffold.Constants.Constants/TestChoices::.cctor()
FNDA:0,System.Void ProjectScaffold.Constants.Constants/TestChoices::.cctor()
DA:11,0
LF:1
LH:0
BRF:0
BRH:0
FNF:1
FNH:0
end_of_record
SF:C:\Users\User\github\NET-stuff\ProjectScaffold\src\Console\Utils\Determine.cs
FN:14,ProjectScaffold.Common.Abstractions.IProcessStrategy ProjectScaffold.Common.Determine::Strategy(ProjectScaffold.Models.ProjectBase)
FNDA:0,ProjectScaffold.Common.Abstractions.IProcessStrategy ProjectScaffold.Common.Determine::Strategy(ProjectScaffold.Models.ProjectBase)
DA:15,0
DA:16,0
DA:17,0
DA:18,0
DA:19,0
DA:20,0
DA:21,0
DA:22,0
DA:23,0
DA:24,0
DA:25,0
DA:26,0
DA:27,0
BRDA:16,28,1,0
BRDA:16,28,0,0
BRDA:23,61,0,0
BRDA:23,61,1,0
FN:34,System.String ProjectScaffold.Common.Determine::TaskName(ProjectScaffold.Models.ProjectBase)
FNDA:0,System.String ProjectScaffold.Common.Determine::TaskName(ProjectScaffold.Models.ProjectBase)
DA:35,0
DA:36,0
DA:37,0
DA:38,0
DA:39,0
DA:40,0
DA:41,0
DA:42,0
BRDA:36,28,0,0
BRDA:36,28,1,0
BRDA:36,41,1,0
BRDA:36,41,0,0
LF:21
LH:0
BRF:8
BRH:0
FNF:2
FNH:0
end_of_record
SF:C:\Users\User\github\NET-stuff\ProjectScaffold\src\Console\Builders\DirectoryBuilder.cs
FN:9,System.Void ProjectScaffold.Builders.DirectoryBuilder::SetSolution(ProjectScaffold.Models.Solution)
FNDA:0,System.Void ProjectScaffold.Builders.DirectoryBuilder::SetSolution(ProjectScaffold.Models.Solution)
DA:10,0
DA:11,0
DA:12,0
FN:14,System.ValueTuple`2<ProjectScaffold.Models.SourceDirectory,ProjectScaffold.Models.TestDirectory> ProjectScaffold.Builders.DirectoryBuilder::Build()
FNDA:0,System.ValueTuple`2<ProjectScaffold.Models.SourceDirectory,ProjectScaffold.Models.TestDirectory> ProjectScaffold.Builders.DirectoryBuilder::Build()
DA:15,0
DA:16,0
DA:17,0
DA:18,0
DA:19,0
FN:6,System.Void ProjectScaffold.Builders.DirectoryBuilder::.ctor()
FNDA:0,System.Void ProjectScaffold.Builders.DirectoryBuilder::.ctor()
DA:7,0
LF:9
LH:0
BRF:0
BRH:0
FNF:3
FNH:0
end_of_record
SF:C:\Users\User\github\NET-stuff\ProjectScaffold\src\Console\Builders\SolutionBuilder.cs
FN:13,ProjectScaffold.Builders.SolutionBuilder ProjectScaffold.Builders.SolutionBuilder::WithName(System.String)
FNDA:0,ProjectScaffold.Builders.SolutionBuilder ProjectScaffold.Builders.SolutionBuilder::WithName(System.String)
DA:14,0
DA:15,0
DA:16,0
DA:17,0
FN:19,ProjectScaffold.Builders.SolutionBuilder ProjectScaffold.Builders.SolutionBuilder::MakeSrc(System.Boolean)
FNDA:0,ProjectScaffold.Builders.SolutionBuilder ProjectScaffold.Builders.SolutionBuilder::MakeSrc(System.Boolean)
DA:20,0
DA:21,0
DA:22,0
DA:23,0
FN:25,ProjectScaffold.Builders.SolutionBuilder ProjectScaffold.Builders.SolutionBuilder::MakeTest(System.Boolean)
FNDA:0,ProjectScaffold.Builders.SolutionBuilder ProjectScaffold.Builders.SolutionBuilder::MakeTest(System.Boolean)
DA:26,0
DA:27,0
DA:28,0
DA:29,0
FN:31,ProjectScaffold.Models.Solution ProjectScaffold.Builders.SolutionBuilder::Build()
FNDA:0,ProjectScaffold.Models.Solution ProjectScaffold.Builders.SolutionBuilder::Build()
DA:32,0
DA:33,0
DA:34,0
DA:36,0
DA:37,0
FN:6,System.Void ProjectScaffold.Builders.SolutionBuilder::.ctor()
FNDA:0,System.Void ProjectScaffold.Builders.SolutionBuilder::.ctor()
DA:7,0
DA:8,0
DA:9,0
DA:11,0
LF:21
LH:0
BRF:0
BRH:0
FNF:5
FNH:0
end_of_record
SF:C:\Users\User\github\NET-stuff\ProjectScaffold\src\Console\Builders\TestBuilder.cs
FN:12,ProjectScaffold.Builders.TestBuilder ProjectScaffold.Builders.TestBuilder::WithSolution(ProjectScaffold.Models.Solution)
FNDA:0,ProjectScaffold.Builders.TestBuilder ProjectScaffold.Builders.TestBuilder::WithSolution(ProjectScaffold.Models.Solution)
DA:13,0
DA:14,0
DA:15,0
DA:16,0
FN:18,ProjectScaffold.Builders.TestBuilder ProjectScaffold.Builders.TestBuilder::WithFramework(ProjectScaffold.Enums.TestFramework)
FNDA:0,ProjectScaffold.Builders.TestBuilder ProjectScaffold.Builders.TestBuilder::WithFramework(ProjectScaffold.Enums.TestFramework)
DA:19,0
DA:20,0
DA:21,0
DA:22,0
FN:24,ProjectScaffold.Builders.TestBuilder ProjectScaffold.Builders.TestBuilder::WithType(ProjectScaffold.Enums.TestType)
FNDA:0,ProjectScaffold.Builders.TestBuilder ProjectScaffold.Builders.TestBuilder::WithType(ProjectScaffold.Enums.TestType)
DA:25,0
DA:26,0
DA:27,0
DA:28,0
FN:30,ProjectScaffold.Models.TestProject ProjectScaffold.Builders.TestBuilder::Build()
FNDA:0,ProjectScaffold.Models.TestProject ProjectScaffold.Builders.TestBuilder::Build()
DA:31,0
DA:32,0
DA:33,0
DA:34,0
DA:35,0
DA:36,0
DA:37,0
DA:38,0
FN:7,System.Void ProjectScaffold.Builders.TestBuilder::.ctor()
FNDA:0,System.Void ProjectScaffold.Builders.TestBuilder::.ctor()
DA:8,0
DA:9,0
DA:10,0
LF:23
LH:0
BRF:0
BRH:0
FNF:5
FNH:0
end_of_record